{
  "RSpec": {
    "coverage": {
      "/Users/faiz/Desktop/todo/lib/todo.rb": [
        1,
        1,
        1
      ],
      "/Users/faiz/Desktop/todo/lib/todo/version.rb": [
        1,
        1,
        null
      ],
      "/Users/faiz/Desktop/todo/lib/todo/postgre.rb": [
        1,
        1,
        19,
        null,
        null
      ],
      "/Users/faiz/Desktop/todo/lib/todo/todo.rb": [
        1,
        1,
        1,
        1,
        null,
        1,
        1,
        1,
        15,
        15,
        null,
        1,
        0,
        0,
        null,
        1,
        15,
        null,
        null,
        1,
        3,
        3,
        3,
        6,
        null,
        3,
        null,
        null,
        1,
        4,
        4,
        4,
        4,
        4,
        4,
        null,
        null,
        1,
        5,
        5,
        5,
        5,
        5,
        5,
        2,
        null,
        3,
        3,
        null,
        null,
        null,
        1,
        3,
        3,
        3,
        3,
        3,
        1,
        null,
        2,
        2,
        null,
        null,
        null,
        null
      ],
      "/Users/faiz/Desktop/todo/spec/todo_spec.rb": [
        null,
        null,
        1,
        1,
        1,
        null,
        1,
        1,
        1,
        15,
        null,
        null,
        1,
        1,
        1,
        null,
        null,
        1,
        1,
        1,
        1,
        1,
        1,
        null,
        null,
        1,
        1,
        1,
        1,
        null,
        1,
        1,
        1,
        null,
        1,
        1,
        1,
        1,
        1,
        1,
        1,
        1,
        null,
        null,
        null,
        1,
        1,
        1,
        1,
        1,
        null,
        1,
        1,
        1,
        1,
        null,
        1,
        1,
        1,
        1,
        1,
        1,
        1,
        1,
        null,
        1,
        1,
        1,
        1,
        1,
        1,
        1,
        1,
        1,
        null,
        null,
        null,
        1,
        1,
        1,
        1,
        1,
        null,
        1,
        1,
        1,
        1,
        null,
        1,
        1,
        1,
        1,
        1,
        1,
        null,
        1,
        1,
        1,
        1,
        1,
        1,
        1,
        1,
        1,
        5,
        5,
        5,
        null,
        null,
        1,
        1,
        1,
        1,
        1,
        1,
        1,
        1,
        1,
        6,
        6,
        6,
        null,
        null,
        null,
        null,
        1,
        1,
        1,
        1,
        null,
        1,
        1,
        1,
        null,
        1,
        1,
        1,
        1,
        1,
        null,
        null,
        null
      ]
    },
    "timestamp": 1527833163
  }
}
